<?xml version="1.0" encoding="UTF-8"?>
<!-- Generated by org.testng.reporters.JUnitXMLReporter -->
<testsuite hostname="EN911371" ignored="0" name="FirefoxTests" tests="3" failures="2" timestamp="2020-09-07T16:35:12 COT" time="43.573" errors="0">
  <testcase name="applyFilter" time="11.713" classname="com.endava.tests.SearchProductTest"/>
  <testcase name="addToBasket" time="14.572" classname="com.endava.tests.BasketTest">
    <failure type="java.lang.AssertionError" message="It was not possible to add the product to the cart expected [Nikon D5600 Digital SLR Camera Black + 3 Lens: 18-55mm VR Lens + 32GB Bundle] but found []">
      <![CDATA[java.lang.AssertionError: It was not possible to add the product to the cart expected [Nikon D5600 Digital SLR Camera Black + 3 Lens: 18-55mm VR Lens + 32GB Bundle] but found []
at com.endava.tests.BasketTest.addToBasket(BasketTest.java:34)
at java.util.concurrent.ThreadPoolExecutor.runWorker(ThreadPoolExecutor.java:1149)
at java.util.concurrent.ThreadPoolExecutor$Worker.run(ThreadPoolExecutor.java:624)
at java.lang.Thread.run(Thread.java:748)
... Removed 16 stack frames]]>
    </failure>
  </testcase> <!-- addToBasket -->
  <testcase name="setPrices" time="5.441" classname="com.endava.tests.SearchProductTest">
    <failure type="java.lang.AssertionError" message="The price exceeds the limits expected [true] but found [false]">
      <![CDATA[java.lang.AssertionError: The price exceeds the limits expected [true] but found [false]
at com.endava.tests.SearchProductTest.setPrices(SearchProductTest.java:27)
at java.util.concurrent.ThreadPoolExecutor.runWorker(ThreadPoolExecutor.java:1149)
at java.util.concurrent.ThreadPoolExecutor$Worker.run(ThreadPoolExecutor.java:624)
at java.lang.Thread.run(Thread.java:748)
... Removed 15 stack frames]]>
    </failure>
  </testcase> <!-- setPrices -->
</testsuite> <!-- FirefoxTests -->
